12:40:20.724 [main] INFO  AmazonSiteTesting.AmazonTest - Driver is initialized
12:40:33.251 [main] INFO  AmazonSiteTesting.AmazonTest - Navigated to Site
12:40:35.501 [main] INFO  AmazonSiteTesting.AmazonTest - Window is maximized
12:40:35.781 [main] INFO  AmazonSiteTesting.AmazonTest - Mobile text is sent into search bar
12:40:39.891 [main] INFO  AmazonSiteTesting.AmazonTest - Search button is clicked
12:40:42.088 [main] INFO  AmazonSiteTesting.AmazonTest - prime filter button is clicked
12:41:08.337 [main] INFO  AmazonSiteTesting.AmazonTest - Driver is initialized
12:41:37.391 [main] INFO  AmazonSiteTesting.AmazonTest - Navigated to Site
12:41:39.531 [main] INFO  AmazonSiteTesting.AmazonTest - Window is maximized
12:41:39.902 [main] INFO  AmazonSiteTesting.AmazonTest - Mobile text is sent into search bar
12:41:42.652 [main] INFO  AmazonSiteTesting.AmazonTest - Search button is clicked
12:41:44.858 [main] INFO  AmazonSiteTesting.AmazonTest - prime filter button is clicked
12:42:24.401 [main] INFO  AmazonSiteTesting.AmazonTest - Driver is initialized
12:42:35.873 [main] INFO  AmazonSiteTesting.AmazonTest - Navigated to Site
12:42:38.017 [main] INFO  AmazonSiteTesting.AmazonTest - Window is maximized
12:42:38.345 [main] INFO  AmazonSiteTesting.AmazonTest - Mobile text is sent into search bar
12:42:42.961 [main] INFO  AmazonSiteTesting.AmazonTest - Search button is clicked
12:42:45.207 [main] INFO  AmazonSiteTesting.AmazonTest - prime filter button is clicked
12:43:34.902 [main] INFO  AmazonSiteTesting.AmazonTest - Driver is initialized
12:43:47.014 [main] INFO  AmazonSiteTesting.AmazonTest - Navigated to Site
12:43:49.272 [main] INFO  AmazonSiteTesting.AmazonTest - Window is maximized
12:43:49.637 [main] INFO  AmazonSiteTesting.AmazonTest - Mobile text is sent into search bar
12:43:54.757 [main] INFO  AmazonSiteTesting.AmazonTest - Search button is clicked
12:43:56.988 [main] INFO  AmazonSiteTesting.AmazonTest - prime filter button is clicked
13:54:32.304 [main] INFO  AmazonSiteTesting.AmazonTest - Driver is initialized
13:54:35.095 [main] INFO  AmazonSiteTesting.AmazonTest - Navigated to Site
13:54:37.242 [main] INFO  AmazonSiteTesting.AmazonTest - Window is maximized
13:54:37.438 [main] INFO  AmazonSiteTesting.AmazonTest - Mobile text is sent into search bar
13:54:39.309 [main] INFO  AmazonSiteTesting.AmazonTest - Search button is clicked
13:54:41.469 [main] INFO  AmazonSiteTesting.AmazonTest - prime filter button is clicked
13:54:45.026 [main] INFO  AmazonSiteTesting.AmazonTest - Samsung mobile fitter is clicked
13:54:48.866 [main] INFO  AmazonSiteTesting.AmazonTest - Price filter is clicked
13:54:51.036 [main] INFO  AmazonSiteTesting.AmazonTest - Pay on delivery filter is clicked
13:54:53.314 [main] INFO  AmazonSiteTesting.AmazonTest - Clicked on first product
13:54:56.330 [main] INFO  AmazonSiteTesting.AmazonTest - Clicked on second product
13:54:59.989 [main] INFO  AmazonSiteTesting.AmazonTest - Clicked on third product
13:55:29.287 [main] INFO  AmazonSiteTesting.AmazonTest - Products are added to cart
13:57:07.542 [main] INFO  AmazonSiteTesting.AmazonTest - Driver is initialized
13:57:14.880 [main] INFO  AmazonSiteTesting.AmazonTest - Navigated to Site
13:57:17.060 [main] INFO  AmazonSiteTesting.AmazonTest - Window is maximized
13:57:17.237 [main] INFO  AmazonSiteTesting.AmazonTest - Mobile text is sent into search bar
13:57:19.170 [main] INFO  AmazonSiteTesting.AmazonTest - Search button is clicked
13:57:21.319 [main] INFO  AmazonSiteTesting.AmazonTest - prime filter button is clicked
13:57:58.309 [main] INFO  AmazonSiteTesting.AmazonTest - Driver is initialized
13:58:18.724 [main] INFO  AmazonSiteTesting.AmazonTest - Navigated to Site
13:58:20.867 [main] INFO  AmazonSiteTesting.AmazonTest - Window is maximized
13:58:21.051 [main] INFO  AmazonSiteTesting.AmazonTest - Mobile text is sent into search bar
13:58:23.470 [main] INFO  AmazonSiteTesting.AmazonTest - Search button is clicked
13:58:25.620 [main] INFO  AmazonSiteTesting.AmazonTest - prime filter button is clicked
14:00:42.962 [main] INFO  AmazonSiteTesting.AmazonTest - Driver is initialized
14:00:44.930 [main] INFO  AmazonSiteTesting.AmazonTest - Navigated to Site
14:00:47.089 [main] INFO  AmazonSiteTesting.AmazonTest - Window is maximized
14:00:47.277 [main] INFO  AmazonSiteTesting.AmazonTest - Mobile text is sent into search bar
14:00:49.083 [main] INFO  AmazonSiteTesting.AmazonTest - Search button is clicked
14:00:51.299 [main] INFO  AmazonSiteTesting.AmazonTest - prime filter button is clicked
14:00:55.139 [main] INFO  AmazonSiteTesting.AmazonTest - Samsung mobile fitter is clicked
14:00:58.975 [main] INFO  AmazonSiteTesting.AmazonTest - Price filter is clicked
14:01:01.189 [main] INFO  AmazonSiteTesting.AmazonTest - Pay on delivery filter is clicked
14:01:03.389 [main] INFO  AmazonSiteTesting.AmazonTest - Clicked on first product
14:01:06.115 [main] INFO  AmazonSiteTesting.AmazonTest - Clicked on second product
14:01:09.255 [main] INFO  AmazonSiteTesting.AmazonTest - Clicked on third product
14:01:40.039 [main] INFO  AmazonSiteTesting.AmazonTest - Products are added to cart
14:13:30.743 [main] INFO  AmazonSiteTesting.AmazonTest - Driver is initialized
14:13:32.617 [main] INFO  AmazonSiteTesting.AmazonTest - Navigated to Site
14:13:34.786 [main] INFO  AmazonSiteTesting.AmazonTest - Window is maximized
14:13:35.120 [main] INFO  AmazonSiteTesting.AmazonTest - Mobile text is sent into search bar
14:13:37.399 [main] INFO  AmazonSiteTesting.AmazonTest - Search button is clicked
14:15:39.912 [main] INFO  AmazonSiteTesting.AmazonTest - Driver is initialized
14:16:01.431 [main] INFO  AmazonSiteTesting.AmazonTest - Navigated to Site
14:16:03.586 [main] INFO  AmazonSiteTesting.AmazonTest - Window is maximized
14:16:03.868 [main] INFO  AmazonSiteTesting.AmazonTest - Mobile text is sent into search bar
14:16:05.913 [main] INFO  AmazonSiteTesting.AmazonTest - Search button is clicked
14:18:09.762 [main] INFO  AmazonSiteTesting.AmazonTest - Driver is initialized
14:18:30.295 [main] INFO  AmazonSiteTesting.AmazonTest - Navigated to Site
14:18:32.454 [main] INFO  AmazonSiteTesting.AmazonTest - Window is maximized
14:18:32.680 [main] INFO  AmazonSiteTesting.AmazonTest - Mobile text is sent into search bar
14:18:35.177 [main] INFO  AmazonSiteTesting.AmazonTest - Search button is clicked
14:21:08.659 [main] INFO  AmazonSiteTesting.AmazonTest - Driver is initialized
14:21:29.114 [main] INFO  AmazonSiteTesting.AmazonTest - Navigated to Site
14:21:31.309 [main] INFO  AmazonSiteTesting.AmazonTest - Window is maximized
14:21:31.535 [main] INFO  AmazonSiteTesting.AmazonTest - Mobile text is sent into search bar
14:21:33.128 [main] INFO  AmazonSiteTesting.AmazonTest - Search button is clicked
14:23:24.519 [main] INFO  AmazonSiteTesting.AmazonTest - Driver is initialized
14:23:45.644 [main] INFO  AmazonSiteTesting.AmazonTest - Navigated to Site
14:23:47.822 [main] INFO  AmazonSiteTesting.AmazonTest - Window is maximized
14:23:48.032 [main] INFO  AmazonSiteTesting.AmazonTest - Mobile text is sent into search bar
14:23:50.128 [main] INFO  AmazonSiteTesting.AmazonTest - Search button is clicked
14:31:21.538 [main] INFO  AmazonSiteTesting.AmazonTest - Driver is initialized
14:31:44.624 [main] INFO  AmazonSiteTesting.AmazonTest - Navigated to Site
14:31:46.798 [main] INFO  AmazonSiteTesting.AmazonTest - Window is maximized
14:31:47.048 [main] INFO  AmazonSiteTesting.AmazonTest - Mobile text is sent into search bar
14:31:48.611 [main] INFO  AmazonSiteTesting.AmazonTest - Search button is clicked
14:59:14.608 [main] INFO  AmazonSiteTesting.AmazonTest - Driver is initialized
14:59:36.194 [main] INFO  AmazonSiteTesting.AmazonTest - Navigated to Site
14:59:38.395 [main] INFO  AmazonSiteTesting.AmazonTest - Window is maximized
14:59:38.716 [main] INFO  AmazonSiteTesting.AmazonTest - Mobile text is sent into search bar
14:59:40.421 [main] INFO  AmazonSiteTesting.AmazonTest - Search button is clicked
14:59:42.621 [main] INFO  AmazonSiteTesting.AmazonTest - prime filter button is clicked
15:00:06.515 [main] INFO  AmazonSiteTesting.AmazonTest - Driver is initialized
15:00:16.094 [main] INFO  AmazonSiteTesting.AmazonTest - Navigated to Site
15:00:18.223 [main] INFO  AmazonSiteTesting.AmazonTest - Window is maximized
15:00:18.359 [main] INFO  AmazonSiteTesting.AmazonTest - Mobile text is sent into search bar
15:00:20.204 [main] INFO  AmazonSiteTesting.AmazonTest - Search button is clicked
15:00:22.325 [main] INFO  AmazonSiteTesting.AmazonTest - prime filter button is clicked
15:00:45.164 [main] INFO  AmazonSiteTesting.AmazonTest - Driver is initialized
15:01:06.031 [main] INFO  AmazonSiteTesting.AmazonTest - Navigated to Site
15:01:08.216 [main] INFO  AmazonSiteTesting.AmazonTest - Window is maximized
15:01:08.470 [main] INFO  AmazonSiteTesting.AmazonTest - Mobile text is sent into search bar
15:01:10.317 [main] INFO  AmazonSiteTesting.AmazonTest - Search button is clicked
15:01:12.503 [main] INFO  AmazonSiteTesting.AmazonTest - prime filter button is clicked
15:01:54.001 [main] INFO  AmazonSiteTesting.AmazonTest - Driver is initialized
15:02:09.058 [main] INFO  AmazonSiteTesting.AmazonTest - Navigated to Site
15:02:11.267 [main] INFO  AmazonSiteTesting.AmazonTest - Window is maximized
15:02:11.465 [main] INFO  AmazonSiteTesting.AmazonTest - Mobile text is sent into search bar
15:02:13.967 [main] INFO  AmazonSiteTesting.AmazonTest - Search button is clicked
15:02:16.124 [main] INFO  AmazonSiteTesting.AmazonTest - prime filter button is clicked
15:02:18.258 [main] INFO  AmazonSiteTesting.AmazonTest - Samsung mobile fitter is clicked
15:02:21.898 [main] INFO  AmazonSiteTesting.AmazonTest - Price filter is clicked
15:02:25.491 [main] INFO  AmazonSiteTesting.AmazonTest - Pay on delivery filter is clicked
15:02:27.719 [main] INFO  AmazonSiteTesting.AmazonTest - Clicked on first product
15:02:31.211 [main] INFO  AmazonSiteTesting.AmazonTest - Clicked on second product
15:02:34.696 [main] INFO  AmazonSiteTesting.AmazonTest - Clicked on third product
15:03:11.988 [main] INFO  AmazonSiteTesting.AmazonTest - Products are added to cart
15:25:29.440 [main] INFO  AmazonSiteTesting.AmazonTest - Driver is initialized
15:25:50.337 [main] INFO  AmazonSiteTesting.AmazonTest - Navigated to Site
15:25:52.539 [main] INFO  AmazonSiteTesting.AmazonTest - Window is maximized
15:25:52.869 [main] INFO  AmazonSiteTesting.AmazonTest - Mobile text is sent into search bar
15:25:55.596 [main] INFO  AmazonSiteTesting.AmazonTest - Search button is clicked
15:25:58.366 [main] INFO  AmazonSiteTesting.AmazonTest - prime filter button is clicked
15:26:00.510 [main] INFO  AmazonSiteTesting.AmazonTest - Samsung mobile fitter is clicked
15:26:04.114 [main] INFO  AmazonSiteTesting.AmazonTest - Price filter is clicked
15:26:07.658 [main] INFO  AmazonSiteTesting.AmazonTest - Pay on delivery filter is clicked
15:26:10.338 [main] INFO  AmazonSiteTesting.AmazonTest - Clicked on first product
15:26:13.901 [main] INFO  AmazonSiteTesting.AmazonTest - Clicked on second product
15:26:16.285 [main] INFO  AmazonSiteTesting.AmazonTest - Clicked on third product
15:26:50.571 [main] INFO  AmazonSiteTesting.AmazonTest - Products are added to cart
15:59:26.296 [main] INFO  AmazonSiteTesting.AmazonTest - Driver is initialized
15:59:48.420 [main] INFO  AmazonSiteTesting.AmazonTest - Navigated to Site
15:59:50.553 [main] INFO  AmazonSiteTesting.AmazonTest - Window is maximized
15:59:50.568 [main] INFO  AmazonSiteTesting.Listeners - On Test startsearch
15:59:53.042 [main] INFO  AmazonSiteTesting.AmazonTest - Mobile text is sent into search bar
15:59:54.779 [main] INFO  AmazonSiteTesting.AmazonTest - Search button is clicked
15:59:54.786 [main] INFO  AmazonSiteTesting.Listeners - On Test Successsearch
15:59:55.413 [main] INFO  AmazonSiteTesting.Listeners - On Test startfilter
15:59:57.632 [main] INFO  AmazonSiteTesting.AmazonTest - prime filter button is clicked
16:00:00.988 [main] INFO  AmazonSiteTesting.AmazonTest - Samsung mobile fitter is clicked
16:00:03.018 [main] INFO  AmazonSiteTesting.Listeners - On Test failfilter
16:00:03.025 [main] INFO  AmazonSiteTesting.Listeners - On Test failfilter
16:00:59.222 [main] INFO  AmazonSiteTesting.AmazonTest - Driver is initialized
16:01:20.486 [main] INFO  AmazonSiteTesting.AmazonTest - Navigated to Site
16:01:22.705 [main] INFO  AmazonSiteTesting.AmazonTest - Window is maximized
16:01:22.748 [main] INFO  AmazonSiteTesting.Listeners - On Test startsearch
16:01:22.950 [main] INFO  AmazonSiteTesting.AmazonTest - Mobile text is sent into search bar
16:01:25.960 [main] INFO  AmazonSiteTesting.AmazonTest - Search button is clicked
16:01:25.965 [main] INFO  AmazonSiteTesting.Listeners - On Test Successsearch
16:01:26.446 [main] INFO  AmazonSiteTesting.Listeners - On Test failsearch
16:01:26.863 [main] INFO  AmazonSiteTesting.Listeners - On Test Skippedfilter
16:01:27.262 [main] INFO  AmazonSiteTesting.Listeners - On Test SkippedselectProduct
16:01:27.639 [main] INFO  AmazonSiteTesting.Listeners - On Test SkippedaddToCart
16:03:02.579 [main] INFO  AmazonSiteTesting.AmazonTest - Driver is initialized
16:03:25.360 [main] INFO  AmazonSiteTesting.AmazonTest - Navigated to Site
16:03:27.495 [main] INFO  AmazonSiteTesting.AmazonTest - Window is maximized
16:03:27.529 [main] INFO  AmazonSiteTesting.Listeners - On Test startsearch
16:03:27.718 [main] INFO  AmazonSiteTesting.AmazonTest - Mobile text is sent into search bar
16:03:29.234 [main] INFO  AmazonSiteTesting.AmazonTest - Search button is clicked
16:03:29.240 [main] INFO  AmazonSiteTesting.Listeners - On Test Successsearch
16:03:34.012 [main] INFO  AmazonSiteTesting.Listeners - On Test startfilter
16:03:36.204 [main] INFO  AmazonSiteTesting.AmazonTest - prime filter button is clicked
16:03:40.126 [main] INFO  AmazonSiteTesting.AmazonTest - Samsung mobile fitter is clicked
16:03:43.981 [main] INFO  AmazonSiteTesting.AmazonTest - Price filter is clicked
16:03:46.245 [main] INFO  AmazonSiteTesting.AmazonTest - Pay on delivery filter is clicked
16:03:46.246 [main] INFO  AmazonSiteTesting.Listeners - On Test Successfilter
16:03:46.746 [main] INFO  AmazonSiteTesting.Listeners - On Test startselectProduct
16:03:49.086 [main] INFO  AmazonSiteTesting.AmazonTest - Clicked on first product
16:03:51.628 [main] INFO  AmazonSiteTesting.AmazonTest - Clicked on second product
16:03:55.225 [main] INFO  AmazonSiteTesting.AmazonTest - Clicked on third product
16:03:55.226 [main] INFO  AmazonSiteTesting.Listeners - On Test SuccessselectProduct
16:03:56.118 [main] INFO  AmazonSiteTesting.Listeners - On Test startaddToCart
16:04:26.862 [main] INFO  AmazonSiteTesting.AmazonTest - Products are added to cart
16:04:26.863 [main] INFO  AmazonSiteTesting.Listeners - On Test SuccessaddToCart
16:06:31.008 [main] INFO  AmazonSiteTesting.AmazonTest - Driver is initialized
16:06:52.376 [main] INFO  AmazonSiteTesting.AmazonTest - Navigated to Site
16:06:54.560 [main] INFO  AmazonSiteTesting.AmazonTest - Window is maximized
16:06:54.594 [main] INFO  AmazonSiteTesting.Listeners - On Test startsearch
16:06:54.794 [main] INFO  AmazonSiteTesting.AmazonTest - Mobile text is sent into search bar
16:06:56.444 [main] INFO  AmazonSiteTesting.AmazonTest - Search button is clicked
16:06:56.450 [main] INFO  AmazonSiteTesting.Listeners - On Test Successsearch
16:06:57.033 [main] INFO  AmazonSiteTesting.Listeners - On Test failsearch
16:06:57.438 [main] INFO  AmazonSiteTesting.Listeners - On Test Skippedfilter
16:06:57.835 [main] INFO  AmazonSiteTesting.Listeners - On Test SkippedselectProduct
16:06:58.214 [main] INFO  AmazonSiteTesting.Listeners - On Test SkippedaddToCart
16:09:00.748 [main] INFO  AmazonSiteTesting.AmazonTest - Driver is initialized
16:09:21.954 [main] INFO  AmazonSiteTesting.AmazonTest - Navigated to Site
16:09:24.087 [main] INFO  AmazonSiteTesting.AmazonTest - Window is maximized
16:09:24.096 [main] INFO  AmazonSiteTesting.Listeners - On Test startsearch
16:09:24.354 [main] INFO  AmazonSiteTesting.AmazonTest - Mobile text is sent into search bar
16:09:25.731 [main] INFO  AmazonSiteTesting.AmazonTest - Search button is clicked
16:09:25.735 [main] INFO  AmazonSiteTesting.Listeners - On Test Successsearch
16:09:26.267 [main] INFO  AmazonSiteTesting.Listeners - On Test startfilter
16:09:28.408 [main] INFO  AmazonSiteTesting.AmazonTest - prime filter button is clicked
16:09:32.032 [main] INFO  AmazonSiteTesting.AmazonTest - Samsung mobile fitter is clicked
16:09:35.673 [main] INFO  AmazonSiteTesting.AmazonTest - Price filter is clicked
16:09:37.824 [main] INFO  AmazonSiteTesting.AmazonTest - Pay on delivery filter is clicked
16:09:37.825 [main] INFO  AmazonSiteTesting.Listeners - On Test Successfilter
16:09:38.216 [main] INFO  AmazonSiteTesting.Listeners - On Test startselectProduct
16:09:40.456 [main] INFO  AmazonSiteTesting.AmazonTest - Clicked on first product
16:09:44.248 [main] INFO  AmazonSiteTesting.AmazonTest - Clicked on second product
16:09:46.645 [main] INFO  AmazonSiteTesting.AmazonTest - Clicked on third product
16:09:46.645 [main] INFO  AmazonSiteTesting.Listeners - On Test SuccessselectProduct
16:09:46.669 [main] INFO  AmazonSiteTesting.Listeners - On Test failselectProduct
16:26:53.954 [main] INFO  AmazonSiteTesting.AmazonTest - Driver is initialized
16:27:15.478 [main] INFO  AmazonSiteTesting.AmazonTest - Navigated to Site
16:27:17.641 [main] INFO  AmazonSiteTesting.AmazonTest - Window is maximized
16:27:17.667 [main] INFO  AmazonSiteTesting.Listeners - On Test startsearch
16:27:18.086 [main] INFO  AmazonSiteTesting.AmazonTest - Mobile text is sent into search bar
16:27:20.982 [main] INFO  AmazonSiteTesting.AmazonTest - Search button is clicked
16:27:20.988 [main] INFO  AmazonSiteTesting.Listeners - On Test Successsearch
16:27:21.621 [main] INFO  AmazonSiteTesting.Listeners - On Test startfilter
16:27:23.893 [main] INFO  AmazonSiteTesting.AmazonTest - prime filter button is clicked
16:27:26.074 [main] INFO  AmazonSiteTesting.AmazonTest - Samsung mobile fitter is clicked
16:27:30.083 [main] INFO  AmazonSiteTesting.AmazonTest - Price filter is clicked
16:27:33.981 [main] INFO  AmazonSiteTesting.AmazonTest - Pay on delivery filter is clicked
16:27:33.981 [main] INFO  AmazonSiteTesting.Listeners - On Test Successfilter
16:27:34.573 [main] INFO  AmazonSiteTesting.Listeners - On Test startselectProduct
16:27:36.959 [main] INFO  AmazonSiteTesting.AmazonTest - Clicked on first product
16:27:40.073 [main] INFO  AmazonSiteTesting.AmazonTest - Clicked on second product
16:27:43.735 [main] INFO  AmazonSiteTesting.AmazonTest - Clicked on third product
16:27:43.737 [main] INFO  AmazonSiteTesting.Listeners - On Test SuccessselectProduct
16:27:44.744 [main] INFO  AmazonSiteTesting.Listeners - On Test startaddToCart
16:28:16.298 [main] INFO  AmazonSiteTesting.AmazonTest - Products are added to cart
16:28:16.299 [main] INFO  AmazonSiteTesting.Listeners - On Test SuccessaddToCart
16:31:31.749 [main] INFO  AmazonSiteTesting.AmazonTest - Driver is initialized
16:31:57.885 [main] INFO  AmazonSiteTesting.AmazonTest - Navigated to Site
16:32:00.100 [main] INFO  AmazonSiteTesting.AmazonTest - Window is maximized
16:32:00.116 [main] INFO  AmazonSiteTesting.Listeners - On Test startsearch
16:32:00.440 [main] INFO  AmazonSiteTesting.AmazonTest - Mobile text is sent into search bar
16:32:03.348 [main] INFO  AmazonSiteTesting.AmazonTest - Search button is clicked
16:32:03.354 [main] INFO  AmazonSiteTesting.Listeners - On Test Successsearch
16:32:04.223 [main] INFO  AmazonSiteTesting.Listeners - On Test startfilter
16:32:06.408 [main] INFO  AmazonSiteTesting.AmazonTest - prime filter button is clicked
16:32:10.594 [main] INFO  AmazonSiteTesting.AmazonTest - Samsung mobile fitter is clicked
16:32:14.999 [main] INFO  AmazonSiteTesting.AmazonTest - Price filter is clicked
16:32:17.328 [main] INFO  AmazonSiteTesting.AmazonTest - Pay on delivery filter is clicked
16:32:17.329 [main] INFO  AmazonSiteTesting.Listeners - On Test Successfilter
16:32:17.744 [main] INFO  AmazonSiteTesting.Listeners - On Test startselectProduct
16:32:20.133 [main] INFO  AmazonSiteTesting.AmazonTest - Clicked on first product
16:32:34.181 [main] INFO  AmazonSiteTesting.Listeners - On Test failselectProduct
16:32:46.210 [main] INFO  AmazonSiteTesting.Listeners - On Test failselectProduct
16:34:38.786 [main] INFO  AmazonSiteTesting.AmazonTest - Driver is initialized
16:35:00.419 [main] INFO  AmazonSiteTesting.AmazonTest - Navigated to Site
16:35:02.675 [main] INFO  AmazonSiteTesting.AmazonTest - Window is maximized
16:35:02.724 [main] INFO  AmazonSiteTesting.Listeners - On Test startsearch
16:35:03.067 [main] INFO  AmazonSiteTesting.AmazonTest - Mobile text is sent into search bar
16:35:05.166 [main] INFO  AmazonSiteTesting.AmazonTest - Search button is clicked
16:35:05.172 [main] INFO  AmazonSiteTesting.Listeners - On Test Successsearch
16:35:06.050 [main] INFO  AmazonSiteTesting.Listeners - On Test startfilter
16:35:08.366 [main] INFO  AmazonSiteTesting.AmazonTest - prime filter button is clicked
16:35:12.616 [main] INFO  AmazonSiteTesting.AmazonTest - Samsung mobile fitter is clicked
16:35:17.029 [main] INFO  AmazonSiteTesting.AmazonTest - Price filter is clicked
16:35:19.391 [main] INFO  AmazonSiteTesting.AmazonTest - Pay on delivery filter is clicked
16:35:19.392 [main] INFO  AmazonSiteTesting.Listeners - On Test Successfilter
16:35:19.891 [main] INFO  AmazonSiteTesting.Listeners - On Test startselectProduct
16:35:31.940 [main] INFO  AmazonSiteTesting.Listeners - On Test failselectProduct
16:35:32.441 [main] INFO  AmazonSiteTesting.Listeners - On Test SkippedaddToCart
11:06:26.878 [main] INFO  AmazonSiteTesting.AmazonTest - Driver is initialized
11:07:00.380 [main] INFO  AmazonSiteTesting.AmazonTest - Navigated to Site
11:07:04.288 [main] INFO  AmazonSiteTesting.AmazonTest - Window is maximized
11:07:04.654 [main] INFO  AmazonSiteTesting.Listeners - Start of Test 	search
11:07:05.039 [main] INFO  AmazonSiteTesting.AmazonTest - Mobile text is sent into search bar
11:07:09.596 [main] INFO  AmazonSiteTesting.AmazonTest - Search button is clicked
11:07:09.603 [main] INFO  AmazonSiteTesting.Listeners - Success of Test 	search
11:07:13.572 [main] INFO  AmazonSiteTesting.Listeners - Start of Test 	filter
11:07:16.027 [main] INFO  AmazonSiteTesting.AmazonTest - prime filter button is clicked
11:07:21.658 [main] INFO  AmazonSiteTesting.AmazonTest - Samsung mobile fitter is clicked
11:07:25.943 [main] INFO  AmazonSiteTesting.AmazonTest - Price filter is clicked
11:07:28.368 [main] INFO  AmazonSiteTesting.AmazonTest - Pay on delivery filter is clicked
11:07:28.369 [main] INFO  AmazonSiteTesting.Listeners - Success of Test 	filter
11:07:28.929 [main] INFO  AmazonSiteTesting.Listeners - Start of Test 	selectProduct
11:07:31.664 [main] INFO  AmazonSiteTesting.AmazonTest - Clicked on first product
11:07:35.056 [main] INFO  AmazonSiteTesting.AmazonTest - Clicked on second product
11:07:37.966 [main] INFO  AmazonSiteTesting.AmazonTest - Clicked on third product
11:07:37.967 [main] INFO  AmazonSiteTesting.Listeners - Success of Test 	selectProduct
11:07:38.868 [main] INFO  AmazonSiteTesting.Listeners - Start of Test 	addToCart
11:08:18.040 [main] INFO  AmazonSiteTesting.AmazonTest - Products are added to cart
11:08:18.041 [main] INFO  AmazonSiteTesting.Listeners - Success of Test 	addToCart
11:11:45.275 [main] INFO  AmazonSiteTesting.AmazonTest - Driver is initialized
11:12:19.602 [main] INFO  AmazonSiteTesting.AmazonTest - Navigated to Site
11:12:22.324 [main] INFO  AmazonSiteTesting.AmazonTest - Window is maximized
11:12:22.343 [main] INFO  AmazonSiteTesting.Listeners - Start of Test 	search
11:12:23.773 [main] INFO  AmazonSiteTesting.AmazonTest - Mobile text is sent into search bar
11:12:27.080 [main] INFO  AmazonSiteTesting.AmazonTest - Search button is clicked
11:12:27.088 [main] INFO  AmazonSiteTesting.Listeners - Success of Test 	search
11:12:30.411 [main] INFO  AmazonSiteTesting.Listeners - Start of Test 	filter
11:12:33.045 [main] INFO  AmazonSiteTesting.AmazonTest - prime filter button is clicked
11:12:40.234 [main] INFO  AmazonSiteTesting.AmazonTest - Samsung mobile fitter is clicked
11:12:45.587 [main] INFO  AmazonSiteTesting.AmazonTest - Price filter is clicked
11:12:48.069 [main] INFO  AmazonSiteTesting.AmazonTest - Pay on delivery filter is clicked
11:12:48.071 [main] INFO  AmazonSiteTesting.Listeners - Success of Test 	filter
11:12:48.690 [main] INFO  AmazonSiteTesting.Listeners - Start of Test 	selectProduct
11:12:51.302 [main] INFO  AmazonSiteTesting.AmazonTest - Clicked on first product
11:12:54.540 [main] INFO  AmazonSiteTesting.AmazonTest - Clicked on second product
11:12:57.338 [main] INFO  AmazonSiteTesting.AmazonTest - Clicked on third product
11:12:57.339 [main] INFO  AmazonSiteTesting.Listeners - Success of Test 	selectProduct
11:12:58.305 [main] INFO  AmazonSiteTesting.Listeners - Start of Test 	addToCart
11:13:40.158 [main] INFO  AmazonSiteTesting.AmazonTest - Products are added to cart
11:13:40.160 [main] INFO  AmazonSiteTesting.Listeners - Success of Test 	addToCart
12:55:09.463 [main] INFO  AmazonSiteTesting.AmazonTest - Driver is initialized
12:55:44.075 [main] INFO  AmazonSiteTesting.AmazonTest - Navigated to Site
12:55:47.851 [main] INFO  AmazonSiteTesting.AmazonTest - Window is maximized
12:55:48.164 [main] INFO  AmazonSiteTesting.Listeners - Start of Test 	search
12:55:49.908 [main] INFO  AmazonSiteTesting.AmazonTest - Mobile text is sent into search bar
12:55:55.207 [main] INFO  AmazonSiteTesting.AmazonTest - Search button is clicked
12:55:55.211 [main] INFO  AmazonSiteTesting.Listeners - Success of Test 	search
12:56:01.547 [main] INFO  AmazonSiteTesting.Listeners - Start of Test 	filter
12:56:03.762 [main] INFO  AmazonSiteTesting.AmazonTest - prime filter button is clicked
12:56:09.988 [main] INFO  AmazonSiteTesting.AmazonTest - Samsung mobile fitter is clicked
12:56:15.176 [main] INFO  AmazonSiteTesting.AmazonTest - Price filter is clicked
12:56:17.508 [main] INFO  AmazonSiteTesting.AmazonTest - Pay on delivery filter is clicked
12:56:17.509 [main] INFO  AmazonSiteTesting.Listeners - Success of Test 	filter
12:56:18.507 [main] INFO  AmazonSiteTesting.Listeners - Start of Test 	selectProduct
12:56:21.160 [main] INFO  AmazonSiteTesting.AmazonTest - Clicked on first product
12:56:30.887 [main] INFO  AmazonSiteTesting.AmazonTest - Clicked on second product
12:56:34.849 [main] INFO  AmazonSiteTesting.AmazonTest - Clicked on third product
12:56:34.849 [main] INFO  AmazonSiteTesting.Listeners - Success of Test 	selectProduct
12:56:36.114 [main] INFO  AmazonSiteTesting.Listeners - Start of Test 	addToCart
12:57:11.842 [main] INFO  AmazonSiteTesting.AmazonTest - Products are added to cart
12:57:11.842 [main] INFO  AmazonSiteTesting.Listeners - Success of Test 	addToCart
13:00:26.403 [main] INFO  AmazonSiteTesting.AmazonTest - Driver is initialized
13:00:56.659 [main] INFO  AmazonSiteTesting.AmazonTest - Navigated to Site
13:00:58.902 [main] INFO  AmazonSiteTesting.AmazonTest - Window is maximized
13:00:58.918 [main] INFO  AmazonSiteTesting.Listeners - Start of Test 	search
13:00:59.162 [main] INFO  AmazonSiteTesting.AmazonTest - Mobile text is sent into search bar
13:01:03.940 [main] INFO  AmazonSiteTesting.AmazonTest - Search button is clicked
13:01:03.945 [main] INFO  AmazonSiteTesting.Listeners - Success of Test 	search
13:01:04.726 [main] INFO  AmazonSiteTesting.Listeners - Start of Test 	filter
13:01:16.959 [main] INFO  AmazonSiteTesting.Listeners - Failure of Test 	filter
13:01:17.504 [main] INFO  AmazonSiteTesting.Listeners - Skipped the Test 	selectProduct
13:01:17.972 [main] INFO  AmazonSiteTesting.Listeners - Skipped the Test 	addToCart
23:27:07.526 [main] INFO  AmazonSiteTesting.AmazonTest - Driver is initialized
23:27:16.377 [main] INFO  AmazonSiteTesting.AmazonTest - Navigated to Site
23:27:21.111 [main] INFO  AmazonSiteTesting.AmazonTest - Window is maximized
23:27:21.122 [main] INFO  AmazonSiteTesting.Listeners - Start of Test 	search
23:27:21.688 [main] INFO  AmazonSiteTesting.AmazonTest - Mobile text is sent into search bar
23:27:29.052 [main] INFO  AmazonSiteTesting.AmazonTest - Search button is clicked
23:27:29.058 [main] INFO  AmazonSiteTesting.Listeners - Success of Test 	search
23:27:35.372 [main] INFO  AmazonSiteTesting.Listeners - Start of Test 	filter
23:27:37.570 [main] INFO  AmazonSiteTesting.AmazonTest - prime filter button is clicked
23:27:39.762 [main] INFO  AmazonSiteTesting.AmazonTest - Samsung mobile fitter is clicked
23:27:43.256 [main] INFO  AmazonSiteTesting.AmazonTest - Price filter is clicked
23:27:46.793 [main] INFO  AmazonSiteTesting.AmazonTest - Pay on delivery filter is clicked
23:27:46.793 [main] INFO  AmazonSiteTesting.Listeners - Success of Test 	filter
23:27:47.232 [main] INFO  AmazonSiteTesting.Listeners - Start of Test 	selectProduct
23:27:49.487 [main] INFO  AmazonSiteTesting.AmazonTest - Clicked on first product
23:27:52.215 [main] INFO  AmazonSiteTesting.AmazonTest - Clicked on second product
23:27:55.167 [main] INFO  AmazonSiteTesting.AmazonTest - Clicked on third product
23:27:55.167 [main] INFO  AmazonSiteTesting.Listeners - Success of Test 	selectProduct
23:27:56.221 [main] INFO  AmazonSiteTesting.Listeners - Start of Test 	addToCart
23:28:18.457 [main] INFO  AmazonSiteTesting.Listeners - Failure of Test 	addToCart
23:34:19.247 [main] INFO  AmazonSiteTesting.AmazonTest - Driver is initialized
23:34:50.057 [main] INFO  AmazonSiteTesting.AmazonTest - Navigated to Site
23:34:59.071 [main] INFO  AmazonSiteTesting.AmazonTest - Window is maximized
23:34:59.131 [main] INFO  AmazonSiteTesting.Listeners - Start of Test 	search
23:34:59.999 [main] INFO  AmazonSiteTesting.AmazonTest - Mobile text is sent into search bar
23:35:01.835 [main] INFO  AmazonSiteTesting.AmazonTest - Search button is clicked
23:35:01.841 [main] INFO  AmazonSiteTesting.Listeners - Success of Test 	search
23:35:50.114 [main] INFO  AmazonSiteTesting.Listeners - Start of Test 	filter
23:35:52.358 [main] INFO  AmazonSiteTesting.AmazonTest - prime filter button is clicked
23:35:55.866 [main] INFO  AmazonSiteTesting.AmazonTest - Samsung mobile fitter is clicked
23:35:59.551 [main] INFO  AmazonSiteTesting.AmazonTest - Price filter is clicked
23:36:01.809 [main] INFO  AmazonSiteTesting.AmazonTest - Pay on delivery filter is clicked
23:36:01.810 [main] INFO  AmazonSiteTesting.Listeners - Success of Test 	filter
23:36:02.230 [main] INFO  AmazonSiteTesting.Listeners - Start of Test 	selectProduct
23:36:13.998 [main] INFO  AmazonSiteTesting.AmazonTest - Clicked on first product
23:36:17.887 [main] INFO  AmazonSiteTesting.AmazonTest - Clicked on second product
23:36:21.438 [main] INFO  AmazonSiteTesting.AmazonTest - Clicked on third product
23:36:21.438 [main] INFO  AmazonSiteTesting.Listeners - Success of Test 	selectProduct
23:36:22.256 [main] INFO  AmazonSiteTesting.Listeners - Start of Test 	addToCart
23:37:11.546 [main] INFO  AmazonSiteTesting.AmazonTest - Products are added to cart
23:37:11.546 [main] INFO  AmazonSiteTesting.Listeners - Success of Test 	addToCart
00:11:15.602 [main] INFO  AmazonSiteTesting.AmazonTest -  Driver gets initialized 
00:11:29.191 [main] INFO  AmazonSiteTesting.AmazonTest - https://www.amazon.in/ is opened 
00:11:58.732 [main] INFO  AmazonSiteTesting.AmazonTest -  window is maximized 
00:11:58.761 [main] INFO  AmazonSiteTesting.Listeners -  Start of Test: search
00:12:02.907 [main] INFO  AmazonSiteTesting.AmazonTest -  search bar field is clicked where mobile is given as input 
00:12:05.022 [main] INFO  AmazonSiteTesting.AmazonTest -  search button is clicked 
00:12:05.028 [main] INFO  AmazonSiteTesting.Listeners - Success of Test 	search
00:12:25.786 [main] INFO  AmazonSiteTesting.Listeners -  Start of Test: filter
00:12:27.970 [main] INFO  AmazonSiteTesting.AmazonTest -  amazon prime is selected 
00:12:30.126 [main] INFO  AmazonSiteTesting.AmazonTest -  samsung mobile is selected 
00:12:33.938 [main] INFO  AmazonSiteTesting.AmazonTest -  price filter is selected 
00:12:37.539 [main] INFO  AmazonSiteTesting.AmazonTest -  pay on delivery is selected 
00:12:37.539 [main] INFO  AmazonSiteTesting.Listeners - Success of Test 	filter
00:12:38.162 [main] INFO  AmazonSiteTesting.Listeners -  Start of Test: selectProduct
00:12:49.474 [main] INFO  AmazonSiteTesting.AmazonTest -  first product is opened in new tab 
00:12:52.070 [main] INFO  AmazonSiteTesting.AmazonTest -  second product is opened in new tab 
00:12:54.520 [main] INFO  AmazonSiteTesting.AmazonTest -  third product is opened in new tab 
00:12:54.521 [main] INFO  AmazonSiteTesting.Listeners - Success of Test 	selectProduct
00:12:56.418 [main] INFO  AmazonSiteTesting.Listeners -  Start of Test: addToCart
00:13:14.667 [main] INFO  AmazonSiteTesting.Listeners - Failure of Test 	addToCart
00:13:15.821 [main] INFO  AmazonSiteTesting.Listeners - Skipped the Test 	login
00:13:16.741 [main] INFO  AmazonSiteTesting.AmazonTest -  driver is closed 
07:55:46.656 [main] INFO  AmazonSiteTesting.AmazonTest -  Driver gets initialized 
07:55:51.284 [main] INFO  AmazonSiteTesting.AmazonTest - https://www.amazon.in/ is opened 
07:55:53.958 [main] INFO  AmazonSiteTesting.AmazonTest -  window is maximized 
07:55:53.992 [main] INFO  AmazonSiteTesting.Listeners -  Start of Test: search
07:55:54.611 [main] INFO  AmazonSiteTesting.AmazonTest -  search bar field is clicked where mobile is given as input 
07:55:57.309 [main] INFO  AmazonSiteTesting.AmazonTest -  search button is clicked 
07:55:57.317 [main] INFO  AmazonSiteTesting.Listeners - Success of Test 	search
07:55:58.484 [main] INFO  AmazonSiteTesting.Listeners -  Start of Test: filter
07:56:00.992 [main] INFO  AmazonSiteTesting.AmazonTest -  amazon prime is selected 
07:56:03.444 [main] INFO  AmazonSiteTesting.AmazonTest -  samsung mobile is selected 
07:56:09.490 [main] INFO  AmazonSiteTesting.AmazonTest -  price filter is selected 
07:56:14.852 [main] INFO  AmazonSiteTesting.AmazonTest -  pay on delivery is selected 
07:56:14.853 [main] INFO  AmazonSiteTesting.Listeners - Success of Test 	filter
07:56:15.577 [main] INFO  AmazonSiteTesting.Listeners -  Start of Test: selectProduct
07:56:18.140 [main] INFO  AmazonSiteTesting.AmazonTest -  first product is opened in new tab 
07:56:22.135 [main] INFO  AmazonSiteTesting.AmazonTest -  second product is opened in new tab 
07:56:27.088 [main] INFO  AmazonSiteTesting.AmazonTest -  third product is opened in new tab 
07:56:27.088 [main] INFO  AmazonSiteTesting.Listeners - Success of Test 	selectProduct
07:56:28.499 [main] INFO  AmazonSiteTesting.Listeners -  Start of Test: addToCart
07:56:47.038 [main] INFO  AmazonSiteTesting.Listeners - Failure of Test 	addToCart
07:56:48.371 [main] INFO  AmazonSiteTesting.Listeners - Skipped the Test 	login
07:56:49.580 [main] INFO  AmazonSiteTesting.AmazonTest -  driver is closed 
07:57:40.175 [main] INFO  AmazonSiteTesting.AmazonTest -  Driver gets initialized 
07:57:43.308 [main] INFO  AmazonSiteTesting.AmazonTest - https://www.amazon.in/ is opened 
07:57:45.648 [main] INFO  AmazonSiteTesting.AmazonTest -  window is maximized 
07:57:45.686 [main] INFO  AmazonSiteTesting.Listeners -  Start of Test: search
07:57:45.964 [main] INFO  AmazonSiteTesting.AmazonTest -  search bar field is clicked where mobile is given as input 
07:57:48.082 [main] INFO  AmazonSiteTesting.AmazonTest -  search button is clicked 
07:57:48.091 [main] INFO  AmazonSiteTesting.Listeners - Success of Test 	search
07:57:48.898 [main] INFO  AmazonSiteTesting.Listeners -  Start of Test: filter
07:57:51.163 [main] INFO  AmazonSiteTesting.AmazonTest -  amazon prime is selected 
07:57:55.493 [main] INFO  AmazonSiteTesting.AmazonTest -  samsung mobile is selected 
07:58:00.348 [main] INFO  AmazonSiteTesting.AmazonTest -  price filter is selected 
07:58:02.700 [main] INFO  AmazonSiteTesting.AmazonTest -  pay on delivery is selected 
07:58:02.703 [main] INFO  AmazonSiteTesting.Listeners - Success of Test 	filter
07:58:03.506 [main] INFO  AmazonSiteTesting.Listeners -  Start of Test: selectProduct
07:58:06.086 [main] INFO  AmazonSiteTesting.AmazonTest -  first product is opened in new tab 
07:58:09.350 [main] INFO  AmazonSiteTesting.AmazonTest -  second product is opened in new tab 
07:58:13.485 [main] INFO  AmazonSiteTesting.AmazonTest -  third product is opened in new tab 
07:58:13.486 [main] INFO  AmazonSiteTesting.Listeners - Success of Test 	selectProduct
07:58:14.610 [main] INFO  AmazonSiteTesting.Listeners -  Start of Test: addToCart
07:58:48.641 [main] INFO  AmazonSiteTesting.AmazonTest -  add products to cart 
07:58:48.642 [main] INFO  AmazonSiteTesting.Listeners - Success of Test 	addToCart
07:58:51.784 [main] INFO  AmazonSiteTesting.Listeners -  Start of Test: login
07:58:51.785 [main] INFO  AmazonSiteTesting.AmazonTest -  goto login button is clicked 
07:58:51.786 [main] INFO  AmazonSiteTesting.AmazonTest -  registered email is entered 
07:58:51.786 [main] INFO  AmazonSiteTesting.AmazonTest -  continue buton is clicked 
07:58:51.786 [main] INFO  AmazonSiteTesting.AmazonTest -  password is entered 
07:58:51.786 [main] INFO  AmazonSiteTesting.AmazonTest -  login button is clicked 
07:58:51.787 [main] INFO  AmazonSiteTesting.Listeners - Success of Test 	login
07:58:52.475 [main] INFO  AmazonSiteTesting.AmazonTest -  driver is closed 
08:12:51.722 [main] INFO  AmazonSiteTesting.AmazonTest -  Driver gets initialized 
08:12:54.789 [main] INFO  AmazonSiteTesting.AmazonTest - https://www.amazon.in/ is opened 
08:12:57.167 [main] INFO  AmazonSiteTesting.AmazonTest -  window is maximized 
08:12:57.702 [main] INFO  AmazonSiteTesting.AmazonTest -  search bar field is clicked where mobile is given as input 
08:13:00.876 [main] INFO  AmazonSiteTesting.AmazonTest -  search button is clicked 
08:13:03.328 [main] INFO  AmazonSiteTesting.AmazonTest -  amazon prime is selected 
08:13:05.468 [main] INFO  AmazonSiteTesting.AmazonTest -  samsung mobile is selected 
08:13:07.747 [main] INFO  AmazonSiteTesting.AmazonTest -  price filter is selected 
08:13:10.049 [main] INFO  AmazonSiteTesting.AmazonTest -  pay on delivery is selected 
08:13:22.216 [main] INFO  AmazonSiteTesting.AmazonTest -  driver is closed 
08:15:55.714 [main] INFO  AmazonSiteTesting.AmazonTest -  Driver gets initialized 
08:16:00.135 [main] INFO  AmazonSiteTesting.AmazonTest - https://www.amazon.in/ is opened 
08:16:02.305 [main] INFO  AmazonSiteTesting.AmazonTest -  window is maximized 
08:16:02.727 [main] INFO  AmazonSiteTesting.AmazonTest -  search bar field is clicked where mobile is given as input 
08:16:05.657 [main] INFO  AmazonSiteTesting.AmazonTest -  search button is clicked 
08:16:07.873 [main] INFO  AmazonSiteTesting.AmazonTest -  amazon prime is selected 
08:16:09.989 [main] INFO  AmazonSiteTesting.AmazonTest -  samsung mobile is selected 
08:16:12.146 [main] INFO  AmazonSiteTesting.AmazonTest -  price filter is selected 
08:16:14.327 [main] INFO  AmazonSiteTesting.AmazonTest -  pay on delivery is selected 
08:16:23.203 [main] INFO  AmazonSiteTesting.AmazonTest -  driver is closed 
08:16:40.442 [main] INFO  AmazonSiteTesting.AmazonTest -  driver is closed 
08:20:14.760 [main] INFO  AmazonSiteTesting.AmazonTest -  driver is closed 
08:20:42.588 [main] INFO  AmazonSiteTesting.AmazonTest -  Driver gets initialized 
08:20:45.737 [main] INFO  AmazonSiteTesting.AmazonTest - https://www.amazon.in/ is opened 
08:20:45.863 [main] INFO  AmazonSiteTesting.AmazonTest -  driver is closed 
08:22:21.588 [main] INFO  AmazonSiteTesting.AmazonTest -  Driver gets initialized 
08:22:22.397 [main] INFO  AmazonSiteTesting.AmazonTest - https://www.amazon.in/ is opened 
08:22:34.557 [main] INFO  AmazonSiteTesting.AmazonTest -  driver is closed 
08:22:56.257 [main] INFO  AmazonSiteTesting.AmazonTest -  driver is closed 
08:24:21.848 [main] INFO  AmazonSiteTesting.AmazonTest -  Driver gets initialized 
08:24:22.028 [main] INFO  AmazonSiteTesting.AmazonTest -  driver is closed 
08:26:14.485 [main] INFO  AmazonSiteTesting.AmazonTest -  Driver gets initialized 
08:26:17.430 [main] INFO  AmazonSiteTesting.AmazonTest - https://www.amazon.in/ is opened 
08:26:19.832 [main] INFO  AmazonSiteTesting.AmazonTest -  window is maximized 
08:26:20.336 [main] INFO  AmazonSiteTesting.AmazonTest -  search bar field is clicked where mobile is given as input 
08:26:22.724 [main] INFO  AmazonSiteTesting.AmazonTest -  search button is clicked 
08:26:25.070 [main] INFO  AmazonSiteTesting.AmazonTest -  amazon prime is selected 
08:26:30.542 [main] INFO  AmazonSiteTesting.AmazonTest -  samsung mobile is selected 
08:26:34.703 [main] INFO  AmazonSiteTesting.AmazonTest -  price filter is selected 
08:26:48.825 [main] INFO  AmazonSiteTesting.AmazonTest -  driver is closed 
08:33:46.069 [main] INFO  AmazonSiteTesting.AmazonTest -  Driver gets initialized 
08:34:10.350 [main] INFO  AmazonSiteTesting.AmazonTest - https://www.amazon.in/ is opened 
08:34:24.041 [main] INFO  AmazonSiteTesting.AmazonTest -  window is maximized 
08:34:25.195 [main] INFO  AmazonSiteTesting.AmazonTest -  search bar field is clicked where mobile is given as input 
08:34:28.387 [main] INFO  AmazonSiteTesting.AmazonTest -  search button is clicked 
08:34:30.799 [main] INFO  AmazonSiteTesting.AmazonTest -  amazon prime is selected 
08:34:33.368 [main] INFO  AmazonSiteTesting.AmazonTest -  samsung mobile is selected 
08:34:38.463 [main] INFO  AmazonSiteTesting.AmazonTest -  price filter is selected 
08:34:43.181 [main] INFO  AmazonSiteTesting.AmazonTest -  pay on delivery is selected 
08:34:46.234 [main] INFO  AmazonSiteTesting.AmazonTest -  first product is opened in new tab 
08:34:48.949 [main] INFO  AmazonSiteTesting.AmazonTest -  second product is opened in new tab 
08:34:52.460 [main] INFO  AmazonSiteTesting.AmazonTest -  third product is opened in new tab 
08:35:27.425 [main] INFO  AmazonSiteTesting.AmazonTest -  add products to cart 
08:35:27.433 [main] INFO  AmazonSiteTesting.AmazonTest -  goto login button is clicked 
08:35:27.434 [main] INFO  AmazonSiteTesting.AmazonTest -  registered email is entered 
08:35:27.434 [main] INFO  AmazonSiteTesting.AmazonTest -  continue buton is clicked 
08:35:27.434 [main] INFO  AmazonSiteTesting.AmazonTest -  password is entered 
08:35:27.434 [main] INFO  AmazonSiteTesting.AmazonTest -  login button is clicked 
08:35:27.438 [main] INFO  AmazonSiteTesting.AmazonTest -  driver is closed 
